make.exe all --print-data-base --no-builtin-variables --no-builtin-rules --question
# GNU Make 3.82.90
# Built for i686-pc-mingw32
# Copyright (C) 1988-2012 Free Software Foundation, Inc.
# License GPLv3+: GNU GPL version 3 or later <http://gnu.org/licenses/gpl.html>
# This is free software: you are free to change and redistribute it.
# There is NO WARRANTY, to the extent permitted by law.
 

# Make data base, printed on Tue Aug 23 22:08:37 2022

# Variables

# automatic
<D = $(patsubst %/,%,$(patsubst %\,%,$(dir $<)))
# automatic
?F = $(notdir $?)
# default
.SHELLFLAGS := -c
# makefile (from 'Makefile', line 21)
SRC := src/
# makefile
MAKEFLAGS = Rrqp
# automatic
?D = $(patsubst %/,%,$(patsubst %\,%,$(dir $?)))
# makefile (from 'Makefile', line 50)
INCLUDES := -Iinclude
# automatic
@D = $(patsubst %/,%,$(patsubst %\,%,$(dir $@)))
# environment
HOMEDRIVE = C:
# automatic
@F = $(notdir $@)
# aut 
omatic
^D = $(patsubst %/,%,$(patsubst %\,%,$(dir $^)))
# makefile
CURDIR := g:/C++/Code/MyCode/OpenGL/LearnOpenGL
# default
SHELL := sh.exe
# makefile (from 'Makefile', line 37)
RM := del /q /f
# environment
WINDIR = C:\Windows
# environment
VSCODE_NLS_CONFIG = {"locale":"en","availableLanguages":{},"_languagePackSupport":true}
# environment
VBOX_MSI_INSTALL_PATH = E:\VirtualBox\
# environment
ONEDRIVE = C:\Users\raini\OneDrive
# environment
PATHEXT = .COM;.EXE;.BAT;.CMD;.VBS;.VBE;.JS;.JSE;.WSF;.WSH;.MSC
# makefile (from 'Makefile', line 1)
MAKEFILE_LIST :=  Makefile
# environment
FPS_BROWSER_USER_PROFILE_STRING = Default
# environment
TMP = C:\Users\raini\AppData\Local\Temp
# makefile (from 'Makefile', line 58)
SOURCES :=  include/imgui/imgui_impl_glfw.cpp include/imgui/imgui_impl_opengl3.cpp include/imgui/imgui.cpp include/imgui/imgui_demo.cpp include/imgui/imgui_draw.cpp include/imgui/imgui_widgets.cpp include/imgui/imgui_tables.cpp
# makefile (from 'Makefile', line 10)
CXXFLAGS := -std=c++17 -Wall -Wextra -g
# environment
PROGRAMW6432 = C:\Program Files
# environment
PROGRAMDATA = C:\ProgramData
# environment
VSCODE_CWD = G:\Code\VSCODE\Microsoft VS Code
# environment
PATH = G:\Code\Vulkan\VulkanSDK\Bin;C:\Program Files\PlasticSCM5\server;C:\Program Files\PlasticSCM5\client;C:\Windows\system32;C:\Windows;C:\Windows\System32\Wbem;C:\Windows\System32\WindowsPowerShell\v1.0\;C:\Windows\System32\OpenSSH\;F:\APP\Bandizip\;C:\Program Files\dotnet\;G:\Code\VSCODE\Microsoft VS Code\bin;F:\APP\Calibre\;G:\Code\Git\Git\cmd;G:\Code\CMake\bin;G:\Code\MinGW\bin;C:\Users\raini\AppData\Local\Microsoft\WindowsApps;C:\Users\raini\.dotnet\tools;C:\Users\raini\AppData\Local\GitHubDesktop\bin;G:\JetBrains\Rider\JetBrains Rider 2022.2\bin;
# environment
COMMONPROGRAMW6432 = C:\Program Files\Common Files
# makefile (from 'Makefile', line 38)
MD := mkdir
# makefile (from 'Makefile', line 22)
CLEAN_SRC := src//*.o 	
# environment
PROCESSOR_ARCHITECTURE = x86
# environment
USERPROFILE = C:\Users\raini
# environment
ALLUSERSPROFILE = C:\ProgramData
# makefile (from 'Makefile', line 35)
LIBDIRS := lib
# environment
NUMBER_OF_PROCESSORS = 12
# environment
ELECTRON_RUN_AS_NODE = 1
# makefile (from 'Makefile', line 28)
LIB := lib
# default
.FEATURES := target-specific order-only second-expansion else-if shortest-stem undefine oneshell archives jobserver
# environment
VK_SDK_PATH = G:\Code\Vulkan\VulkanSDK
# automatic
%F = $(notdir $%)
# environment
CHROME_CRASHPAD_PIPE_NAME = \\.\pipe\crashpad_14836_JJYKIPIUVMIXPZKC
# environment
COMPUTERNAME = DESKTOP-0F2PMD1
# environment
PROGRAMFILES = C:\Program Files (x86)
# makefile (from 'Makefile', line 69)
OUTPUTMAIN := output\main.exe
# environment
DRIVERDATA = C:\Windows\System32\Drivers\DriverData
# environment
ORIGINAL_XDG_CURRENT_DESKTOP = undefined
# environment
USERNAME = raini
# environment
PUBLIC = C:\Users\Public
# environment
VSCODE_AMD_ENTRYPOINT = vs/workbench/api/node/extensionHostProcess
# environment
JETBRAINS RIDER = G:\JetBrains\Rider\JetBrains Rider 2022.2\bin;
# environment
VSCODE_CODE_CACHE_PATH = C:\Users\raini\AppData\Roaming\Code\CachedData\e4503b30fc78200f846c62cf8091b76ff5547662
# environment
APPLICATION_INSIGHTS_NO_DIAGNOSTIC_CHANNEL = true
# environment
COMMONPROGRAMFILES = C:\Program Files (x86)\Common Files
# environment
LOGONSERVER = \\DESKTOP-0F2PMD1
# makefile (from 'Makefile', line 34)
INCLUDEDIRS := include
# environment
VSCODE_HANDLES_UNCAUGHT_ERRORS = true
# environment
USERDOMAIN = DESKTOP-0F2PMD1
# environment
MAKELEVEL := 0
# default
MAKE = $(MAKE_COMMAND)
# default
MAKECMDGOALS := all
# makefile (from 'Makefile', line 29)
Libraries := -lglad -lglfw3dll
# makefile (from 'Makefile', line 36)
FIXPATH = $(subst /,\,$1)
# default
MAKE_VERSION := 3.82.90
# makefile
.DEFAULT_GOAL := all
# makefile (from 'Makefile', line 25)
INCLUDE := include
# makefile (from 'Makefile', line 33)
SOURCEDIRS := src/
# environment
PROGRAMFILES(X86) = C:\Program Files (x86)
# automatic
%D = $(patsubst %/,%,$(patsubst %\,%,$(dir $%)))
# makefile (from 'Makefile', line 15)
LFLAGS = 
# environment
LOCALAPPDATA = C:\Users\raini\AppData\Local
# environment
PSMODULEPATH = C:\Program Files\WindowsPowerShell\Modules;C:\Windows\system32\WindowsPowerShell\v1.0\Modules
# default
MAKE_COMMAND := make.exe
# environment
PROCESSOR_ARCHITEW6432 = AMD64
# default
.VARIABLES := 
# automatic
*F = $(notdir $*)
# environment
PROCESSOR_IDENTIFIER = AMD64 Family 23 Model 8 Stepping 2, AuthenticAMD
# environment
OS = Windows_NT
# environment
VSCODE_IPC_HOOK = \\.\pipe\e48ad3739aae92155c1fcbb22f83b8eb-1.70.2-main-sock
# environment
HOMEPATH = \Users\raini
# environment
COMMONPROGRAMFILES(X86) = C:\Program Files (x86)\Common Files
# environment
PROMPT = $P$G
# environment
MFLAGS = -Rrqp
# automatic
*D = $(patsubst %/,%,$(patsubst %\,%,$(dir $*)))
# makefile (from 'Makefile', line 32)
MAIN := main.exe
# environment
SYSTEMROOT = C:\Windows
# automatic
+D = $(patsubst %/,%,$(patsubst %\,%,$(dir $+)))
# automatic
+F = $(notdir $+)
# environment
APPDATA = C:\Users\raini\AppData\Roaming
# environment
TEMP = C:\Users\raini\AppData\Local\Temp
# environment
COMSPEC = C:\Windows\system32\cmd.exe
# makefile (from 'Makefile', line 18)
OUTPUT := output
# default
MAKEFILES := 
# automatic
<F = $(notdir $<)
# makefile (from 'Makefile', line 7)
CXX = g++
# environment
LC_ALL = C
# makefile (from 'Makefile', line 53)
LIBS := -Llib
# automatic
^F = $(notdir $^)
# default
SUFFIXES := 
# environment
SYSTEMDRIVE = C:
# environment
SESSIONNAME = Console
# environment
PROCESSOR_REVISION = 0802
# default
.RECIPEPREFIX := 
# makefile (from 'Makefile', line 61)
OBJECTS := include/imgui/imgui_impl_glfw.o include/imgui/imgui_impl_opengl3.o include/imgui/imgui.o include/imgui/imgui_demo.o include/imgui/imgui_draw.o include/imgui/imgui_widgets.o include/imgui/imgui_tables.o
# environment
VULKAN_SDK = G:\Code\Vulkan\VulkanSDK
# environment
LANG = C
# environment
PROCESSOR_LEVEL = 23
# environment
FPS_BROWSER_APP_PROFILE_STRING = Internet Explorer
# environment
VSCODE_PID = 14836
# environment
USERDOMAIN_ROAMINGPROFILE = DESKTOP-0F2PMD1
# variable set hash-table stats:
# Load=110/1024=11%, Rehash=0, Collisions=14/162=9%

# Pattern-specific Variable Values

# No pattern-specific variable values.

# Directories

# G:\Code\CMake\bin (key G:/Code/CMake/bin, mtime 1659001481): 7 files, no impossibilities.
# C:\Program Files\PlasticSCM5\client (key C:/Program Files/PlasticSCM5/client, mtime 1649319606): 248 files, no impossibilities.
# C:\Windows\System32\WindowsPowerShell\v1.0\ (key C:/Windows/System32/WindowsPowerShell/v1.0/, mtime 1633527262): 31 files, no im 
possibilities.
# . (key g:/C++/Code/MyCode/OpenGL/LearnOpenGL, mtime 1661162890): 14 files, no impossibilities.
# C:\Users\raini\AppData\Local\Microsoft\WindowsApps (key C:/Users/raini/AppData/Local/Microsoft/WindowsApps, mtime 1660058633): 11 files, no impossibilities.
# G:\Code\VSCODE\Microsoft VS Code\bin (key G:/Code/VSCODE/Microsoft VS Code/bin, mtime 1661263685): 4 files, no impossibilities.
# C:\Users\raini\AppData\Local\GitHubDesktop\bin (key C:/Users/raini/AppData/Local/GitHubDesktop/bin, mtime 1653965068): 4 files, no impossibilities.
# C:\Windows\System32\OpenSSH\: could not be stat'd.
# G:\JetBrains\Rider\JetBrains Rider 2022.2\bin (key G:/JetBrains/Rider/JetBrains Rider 2022.2/bin, mtime 1659846500): 35 files, no impossibilities.
# C:\Users\raini\.dotnet\tools: could not be stat'd.
# F:\APP\Calibre\ (key F:/APP/Calibre/, mtime 1654658085): 24 files, no impossibilities.
# G:\Code\Git\Git\cmd (key G:/Code/Git/Git/cmd, mtime 1659001160): 8 files, no impossibilities.
# C:\Windows (key C:/Windows, mtime 1660324745): 106 files, no impossibilities.
# src/ (key g:/C++/Code/MyCode/OpenGL/LearnOpenGL/src/, mtime 1661261703): 30 files, no impossibilities.
# C:\Windows\System32\Wbem (key C:/Windows/System32/Wbem, mtime 1658254026): 154 files, no impossibilities.
# G:\Code\MinGW\bin (key G:/Code/MinGW/bin, mtime 1660305897): 57 files, no impossibilities.
# C:\Program Files\dotnet\ (key C:/Program Files/dotnet/, mtime 1651286009): 13 files, no impossibilities.
# C:\Program Files\PlasticSCM5\server (key C:/Program Files/PlasticSCM5/server, mtime 1649319606): 494 files, no impossibilities.
# C:\Windows\system32 (key C:/Windows/system32, mtime 1660795677): 3048 files, no impossibilities.
# F:\APP\Bandizip\ (key F:/APP/Bandizip/, mtime 1658056348): 21 files, no impossibilities.
# G:\Code\Vulkan\VulkanSDK\Bin (key G:/Code/Vulkan/VulkanSDK/Bin, mtime 1659001949): 48 files, no impossibilities.

# 4357 files, no impossibilities in 21 directories.

# Implicit Rules

# No implicit rules.

# Files

all: output main.exe
#  Command line target.
#  Implicit rule search has not been done.
#  File does not exist.
#  File has been updated.
#  Needs to be updated (-q is set).
# variable set hash-table stats:
# Load=0/32=0%, Rehash=0, Collisions=0/11=0%
#  recipe to execute (from 'Makefile', line 72):
	@echo Executing 'all' complete!

.PHONY: clean
#  Implicit rule search has not been done.
#  Modification time never checked.
#  File has not been updated.

# Not a target:
include/imgui/imgui_widgets.o:
#  Implicit rule search has been done.
#  Last modified 2022-08-22 18:00:26
#  File has been updated.
#  Successfully updated.

# Not a target:
include/imgui/imgui_draw.o:
#  Implicit rule search has been done.
#  Last modified 2022-08-22 18:00:24
#  File has been updated.
#  Successfully updated.

# Not a target:
include/imgui/imgui_tables.o:
#  Implicit rule search has been done.
#  Last modified 2022-08-22 18:05:14
#  File has been updated.
#  Successfully updated.

main.exe: include/imgui/imgui_impl_glfw.o include/imgui/imgui_impl_opengl3.o include/imgui/imgui.o include/imgui/imgui_demo.o include/imgui/imgui_draw.o include/imgui/imgui_widgets.o include/imgui/imgui_tables.o
#  Implicit rule search has not been done.
#  Implicit/static pattern stem: ''
#  File does not exist.
#  File has been updated.
#  Needs to be updated (-q is set).
# automatic
# @ := main.exe
# automatic
# % := 
# automatic
# * := 
# automatic
# + := include/imgui/imgui_impl_glfw.o include/imgui/imgui_impl_opengl3.o include/imgui/imgui.o include/imgui/imgui_demo.o include/imgui/imgui_draw.o include/imgui/imgui_widgets.o include/imgui/imgui_tables.o
# automatic
# | := 
# automatic
# < := include/imgui/imgui_impl_glfw.o
# automatic
# ^ := include/imgui/imgui_impl_glfw.o include/imgui/imgui_impl_opengl3.o include/imgui/imgui.o include/imgui/imgui_demo.o include/imgui/imgui_draw.o include/imgui/imgui_widgets.o include/imgui/imgui_tables.o
# automatic
# ? := include/imgui/imgui_impl_glfw.o include/imgui/imgui_impl_opengl3.o include/imgui/imgui.o include/imgui/imgui_demo.o i 
nclude/imgui/imgui_draw.o include/imgui/imgui_widgets.o include/imgui/imgui_tables.o
# variable set hash-table stats:
# Load=8/32=25%, Rehash=0, Collisions=2/19=11%
#  recipe to execute (from 'Makefile', line 78):
	$(CXX) $(CXXFLAGS) $(INCLUDES) -o $(OUTPUTMAIN) $(OBJECTS) $(LFLAGS) $(LIBS) $(Libraries)

# Not a target:
.SUFFIXES:
#  Implicit rule search has not been done.
#  Modification time never checked.
#  File has not been updated.

# Not a target:
Makefile:
#  Implicit rule search has been done.
#  Last modified 2022-08-22 18:05:02
#  File has been updated.
#  Successfully updated.

# Not a target:
include/imgui/imgui_demo.o:
#  Implicit rule search has been done.
#  Last modified 2022-08-22 18:00:22
#  File has been updated.
#  Successfully updated.

# Not a target:
.DEFAULT:
#  Implicit rule search has not been done.
#  Modification time never checked.
#  File has not been updated.

run: all
#  Implicit rule search has not been done.
#  Modification time never checked.
#  File has not been updated.
#  recipe to execute (from 'Makefile', line 94):
	./$(OUTPUTMAIN)
	@echo Executing 'run: all' complete!

.cpp.o:
#  Implicit rule search has not been done.
#  Modification time never checked.
#  File has not been updated.
#  recipe to execute (from 'Makefile', line 85):
	$(CXX) $(CXXFLAGS) $(INCLUDES) -c $<  -o $@

clean:
#  Phony target (prerequisite of .PHONY).
#  Implicit rule search has not been done.
#  File does not exist.
#  File has not been updated.
#  recipe to execute (from 'Makefile', line 89):
	$(RM) $(OUTPUTMAIN)
	$(RM) $(call FIXPATH,$(CLEAN_SRC))
	@echo Cleanup complete!

# Not a target:
include/imgui/imgui_impl_opengl3.o:
#  Implicit rule search has been done.
#  Last modified 2022-08-22 18:00:18
#  File has been updated.
#  Successfully updated.

output:
#  Implicit rule search has not been done.
#  Last modified 2022-08-23 22:07:09
#  File has been updated.
#  Successfully updated.
#  recipe to execute (from 'Makefile', line 75):
	$(MD) $(OUTPUT)

# Not a target:
include/imgui/imgui_impl_glfw.o:
#  Implicit rule search has been done.
#  Last modified 2022-08-22 18:00:17
#  File has been updated.
#  Successfully updated.

# Not a target:
include/imgui/imgui.o:
#  Implicit rule search has been done.
#  Last modified 2022-08-22 18:00:21
#  File has been updated.
#  Successfully updated.

# files hash-table stats:
# Load=17/1024=2%, Rehash=0, Collisions=0/43=0%
# VPATH Search Paths

# No 'vpath' search paths.

# No general ('VPATH' variable) search path.

# strcache buffers: 9 (8) / strings = 4241 / storage = 73072 B / avg = 17 B
# current buf: size = 8174 B / used = 7762 B / count = 541 / avg = 14 B
# other used: total = 64898 B / count = 3700 / avg = 17 B
# other free: total = 82 B / max = 20 B / min = 1 B / avg = 10 B

# strcache performance: lookups = 4409 / hit rate = 3%
# hash-table stats:
# Load=4241/8192=52%, Rehash=0, Collisions=1923/4409=44%
# Finished Make data base on Tue Aug 23 22:08:37 2022

 
